TN:
SF:src/Food.ts
FN:14,(anonymous_0)
FN:17,(anonymous_1)
FN:21,(anonymous_2)
FN:25,(anonymous_3)
FN:29,(anonymous_4)
FN:33,(anonymous_5)
FN:37,(anonymous_6)
FN:41,(anonymous_7)
FN:45,(anonymous_8)
FN:49,(anonymous_9)
FN:53,(anonymous_10)
FN:57,(anonymous_11)
FN:61,(anonymous_12)
FN:65,(anonymous_13)
FN:69,(anonymous_14)
FN:73,(anonymous_15)
FNF:16
FNH:16
FNDA:7,(anonymous_0)
FNDA:4,(anonymous_1)
FNDA:25,(anonymous_2)
FNDA:1,(anonymous_3)
FNDA:110,(anonymous_4)
FNDA:110,(anonymous_5)
FNDA:110,(anonymous_6)
FNDA:25,(anonymous_7)
FNDA:110,(anonymous_8)
FNDA:1,(anonymous_9)
FNDA:1,(anonymous_10)
FNDA:1,(anonymous_11)
FNDA:1,(anonymous_12)
FNDA:1,(anonymous_13)
FNDA:1,(anonymous_14)
FNDA:1,(anonymous_15)
DA:3,1
DA:14,7
DA:15,7
DA:18,4
DA:22,25
DA:26,1
DA:30,110
DA:34,110
DA:38,110
DA:42,25
DA:46,110
DA:50,1
DA:54,1
DA:58,1
DA:62,1
DA:66,1
DA:70,1
DA:74,1
LF:18
LH:18
BRF:0
BRH:0
end_of_record
TN:
SF:src/Menu.ts
FN:9,(anonymous_0)
FN:24,(anonymous_1)
FN:31,(anonymous_2)
FN:51,(anonymous_3)
FN:59,(anonymous_4)
FN:89,(anonymous_5)
FNF:6
FNH:6
FNDA:2,(anonymous_0)
FNDA:2,(anonymous_1)
FNDA:1,(anonymous_2)
FNDA:1,(anonymous_3)
FNDA:3,(anonymous_4)
FNDA:2,(anonymous_5)
DA:5,1
DA:9,2
DA:10,2
DA:11,0
DA:12,0
DA:13,0
DA:16,0
DA:25,2
DA:32,1
DA:33,1
DA:34,1
DA:35,1
DA:37,1
DA:38,1
DA:39,1
DA:40,4
DA:42,1
DA:43,1
DA:44,1
DA:52,1
DA:60,3
DA:61,3
DA:62,3
DA:63,3
DA:64,3
DA:66,3
DA:67,2
DA:68,2
DA:69,2
DA:70,2
DA:73,1
DA:74,1
DA:75,1
DA:76,1
DA:79,3
DA:80,3
DA:81,3
DA:82,3
DA:84,3
DA:90,2
DA:91,2
DA:92,2
LF:42
LH:38
BRDA:10,0,0,0
BRDA:10,0,1,2
BRDA:10,1,0,2
BRDA:10,1,1,2
BRDA:10,1,2,2
BRDA:11,2,0,0
BRDA:11,2,1,0
BRDA:12,3,0,0
BRDA:12,3,1,0
BRDA:25,4,0,2
BRDA:25,4,1,0
BRDA:34,5,0,1
BRDA:34,5,1,0
BRDA:52,6,0,1
BRDA:52,6,1,0
BRDA:66,7,0,2
BRDA:66,7,1,1
BRDA:91,8,0,2
BRDA:91,8,1,0
BRF:19
BRH:10
end_of_record
TN:
SF:src/Plate.ts
FN:18,(anonymous_0)
FN:21,(anonymous_1)
FN:25,(anonymous_2)
FN:29,(anonymous_3)
FN:36,(anonymous_4)
FN:63,(anonymous_5)
FN:88,(anonymous_6)
FN:102,(anonymous_7)
FN:123,(anonymous_8)
FNF:9
FNH:9
FNDA:5,(anonymous_0)
FNDA:6,(anonymous_1)
FNDA:1,(anonymous_2)
FNDA:7,(anonymous_3)
FNDA:1,(anonymous_4)
FNDA:47,(anonymous_5)
FNDA:2,(anonymous_6)
FNDA:10,(anonymous_7)
FNDA:10,(anonymous_8)
DA:7,1
DA:18,5
DA:22,6
DA:26,1
DA:30,7
DA:37,1
DA:38,1
DA:39,1
DA:41,1
DA:42,3
DA:43,3
DA:46,1
DA:47,1
DA:48,1
DA:49,1
DA:50,1
DA:51,1
DA:64,47
DA:65,47
DA:66,47
DA:67,47
DA:68,47
DA:69,47
DA:70,109
DA:71,109
DA:72,109
DA:73,109
DA:74,109
DA:77,47
DA:78,47
DA:79,47
DA:80,47
DA:82,47
DA:89,2
DA:90,2
DA:91,8
DA:103,10
DA:104,10
DA:105,10
DA:107,10
DA:108,24
DA:109,24
DA:110,24
DA:113,10
DA:115,10
DA:124,10
DA:125,10
DA:126,24
DA:127,24
DA:129,10
LF:50
LH:50
BRF:0
BRH:0
end_of_record
